#
# There is insufficient memory for the Java Runtime Environment to continue.
# Native memory allocation (malloc) failed to allocate 39008 bytes for Chunk::new
# Possible reasons:
#   The system is out of physical RAM or swap space
#   In 32 bit mode, the process size limit was hit
# Possible solutions:
#   Reduce memory load on the system
#   Increase physical memory or swap space
#   Check if swap backing store is full
#   Use 64 bit Java on a 64 bit OS
#   Decrease Java heap size (-Xmx/-Xms)
#   Decrease number of Java threads
#   Decrease Java thread stack sizes (-Xss)
#   Set larger code cache with -XX:ReservedCodeCacheSize=
# This output file may be truncated or incomplete.
#
#  Out of Memory Error (allocation.cpp:390), pid=11840, tid=0x0000000000002ba8
#
# JRE version: Java(TM) SE Runtime Environment (8.0_121-b13) (build 1.8.0_121-b13)
# Java VM: Java HotSpot(TM) 64-Bit Server VM (25.121-b13 mixed mode windows-amd64 compressed oops)
# Failed to write core dump. Minidumps are not enabled by default on client versions of Windows
#

---------------  T H R E A D  ---------------

Current thread (0x0000000019f72800):  JavaThread "C2 CompilerThread1" daemon [_thread_in_native, id=11176, stack(0x000000001a830000,0x000000001a930000)]

Stack: [0x000000001a830000,0x000000001a930000]
[error occurred during error reporting (printing stack bounds), id 0xc0000005]

Native frames: (J=compiled Java code, j=interpreted, Vv=VM code, C=native code)


Current CompileTask:
C2:    407  312  s!   4       sun.misc.URLClassPath::getLoader (243 bytes)


---------------  P R O C E S S  ---------------

Java Threads: ( => current thread )
  0x000000001a00a000 JavaThread "Service Thread" daemon [_thread_blocked, id=13416, stack(0x000000001ab30000,0x000000001ac30000)]
  0x0000000019f7f000 JavaThread "C1 CompilerThread3" daemon [_thread_in_native, id=5868, stack(0x000000001aa30000,0x000000001ab30000)]
  0x0000000019f78000 JavaThread "C2 CompilerThread2" daemon [_thread_in_native, id=8356, stack(0x000000001a930000,0x000000001aa30000)]
=>0x0000000019f72800 JavaThread "C2 CompilerThread1" daemon [_thread_in_native, id=11176, stack(0x000000001a830000,0x000000001a930000)]
  0x0000000019f6c800 JavaThread "C2 CompilerThread0" daemon [_thread_in_native, id=11624, stack(0x000000001a730000,0x000000001a830000)]
  0x0000000019f6a000 JavaThread "Attach Listener" daemon [_thread_blocked, id=496, stack(0x000000001a630000,0x000000001a730000)]
  0x0000000019f69000 JavaThread "Signal Dispatcher" daemon [_thread_blocked, id=13664, stack(0x000000001a530000,0x000000001a630000)]
  0x0000000003099000 JavaThread "Finalizer" daemon [_thread_blocked, id=6304, stack(0x000000001a340000,0x000000001a440000)]
  0x000000001805d800 JavaThread "Reference Handler" daemon [_thread_blocked, id=12548, stack(0x0000000019e40000,0x0000000019f40000)]
  0x0000000002e9e800 JavaThread "main" [_thread_in_vm, id=272, stack(0x0000000002ea0000,0x0000000002fa0000)]

Other Threads:
  0x0000000018058800 VMThread [stack: 0x0000000019d40000,0x0000000019e40000] [id=13000]
  0x000000001a026000 WatcherThread [stack: 0x000000001ac30000,0x000000001ad30000] [id=13200]

VM state:not at safepoint (normal execution)

VM Mutex/Monitor currently owned by a thread: None

Heap:
 PSYoungGen      total 38400K, used 8006K [0x00000000d5c00000, 0x00000000d8680000, 0x0000000100000000)
  eden space 33280K, 24% used [0x00000000d5c00000,0x00000000d63d19a8,0x00000000d7c80000)
  from space 5120K, 0% used [0x00000000d8180000,0x00000000d8180000,0x00000000d8680000)
  to   space 5120K, 0% used [0x00000000d7c80000,0x00000000d7c80000,0x00000000d8180000)
 ParOldGen       total 87552K, used 0K [0x0000000081400000, 0x0000000086980000, 0x00000000d5c00000)
  object space 87552K, 0% used [0x0000000081400000,0x0000000081400000,0x0000000086980000)
 Metaspace       used 5105K, capacity 5528K, committed 5760K, reserved 1056768K
  class space    used 574K, capacity 636K, committed 640K, reserved 1048576K

Card table byte_map: [0x0000000012460000,0x0000000012860000] byte_map_base: 0x0000000012056000

Marking Bits: (ParMarkBitMap*) 0x000000005766b6d0
 Begin Bits: [0x0000000013310000, 0x00000000152c0000)
 End Bits:   [0x00000000152c0000, 0x0000000017270000)

Polling page: 0x0000000001110000

CodeCache: size=245760Kb used=1845Kb max_used=1845Kb free=243914Kb
 bounds [0x00000000030a0000, 0x0000000003310000, 0x00000000120a0000]
 total_blobs=591 nmethods=323 adapters=181
 compilation: enabled

Compilation events (10 events):
Event: 0.397 Thread 0x0000000019f7f000 nmethod 319 0x00000000032646d0 code [0x0000000003264880, 0x0000000003264d68]
Event: 0.397 Thread 0x0000000019f7f000  316   !   3       java.lang.StringCoding::decode (120 bytes)
Event: 0.398 Thread 0x0000000019f6c800 nmethod 320 0x00000000032677d0 code [0x0000000003267900, 0x00000000032679d8]
Event: 0.401 Thread 0x0000000019f7f000 nmethod 316 0x0000000003267a90 code [0x0000000003267de0, 0x00000000032696b8]
Event: 0.401 Thread 0x0000000019f7f000  317       3       java.lang.StringCoding::access$100 (8 bytes)
Event: 0.401 Thread 0x0000000019f7f000 nmethod 317 0x0000000003263dd0 code [0x0000000003263f60, 0x0000000003264488]
Event: 0.402 Thread 0x0000000019f7f000  321       3       java.net.URL::toExternalForm (9 bytes)
Event: 0.402 Thread 0x0000000019f7f000 nmethod 321 0x0000000003263990 code [0x0000000003263b00, 0x0000000003263d28]
Event: 0.402 Thread 0x0000000019f7f000  322       3       java.net.URLStreamHandler::toExternalForm (219 bytes)
Event: 0.404 Thread 0x0000000019f6c800  325   !   4       sun.misc.URLClassPath$JarLoader::getResource (85 bytes)

GC Heap History (0 events):
No events

Deoptimization events (0 events):
No events

Internal exceptions (6 events):
Event: 0.046 Thread 0x0000000002e9e800 Exception <a 'java/lang/NoSuchMethodError': Method sun.misc.Unsafe.defineClass(Ljava/lang/String;[BII)Ljava/lang/Class; name or signature does not match> (0x00000000d5c07ca8) thrown at [C:\re\workspace\8-2-build-windows-amd64-cygwin\jdk8u121\8372\hotspot\
Event: 0.046 Thread 0x0000000002e9e800 Exception <a 'java/lang/NoSuchMethodError': Method sun.misc.Unsafe.prefetchRead(Ljava/lang/Object;J)V name or signature does not match> (0x00000000d5c07f90) thrown at [C:\re\workspace\8-2-build-windows-amd64-cygwin\jdk8u121\8372\hotspot\src\share\vm\prims
Event: 0.258 Thread 0x0000000002e9e800 Exception <a 'java/security/PrivilegedActionException'> (0x00000000d5f8cb38) thrown at [C:\re\workspace\8-2-build-windows-amd64-cygwin\jdk8u121\8372\hotspot\src\share\vm\prims\jvm.cpp, line 1390]
Event: 0.258 Thread 0x0000000002e9e800 Exception <a 'java/security/PrivilegedActionException'> (0x00000000d5f8cf30) thrown at [C:\re\workspace\8-2-build-windows-amd64-cygwin\jdk8u121\8372\hotspot\src\share\vm\prims\jvm.cpp, line 1390]
Event: 0.259 Thread 0x0000000002e9e800 Exception <a 'java/security/PrivilegedActionException'> (0x00000000d5f91028) thrown at [C:\re\workspace\8-2-build-windows-amd64-cygwin\jdk8u121\8372\hotspot\src\share\vm\prims\jvm.cpp, line 1390]
Event: 0.259 Thread 0x0000000002e9e800 Exception <a 'java/security/PrivilegedActionException'> (0x00000000d5f91420) thrown at [C:\re\workspace\8-2-build-windows-amd64-cygwin\jdk8u121\8372\hotspot\src\share\vm\prims\jvm.cpp, line 1390]

Events (10 events):
Event: 0.401 loading class org/eclipse/sisu/plexus/PlexusBeanLocator
Event: 0.401 loading class org/eclipse/sisu/plexus/PlexusBeanLocator done
Event: 0.402 loading class org/eclipse/sisu/bean/BeanManager
Event: 0.402 loading class org/eclipse/sisu/bean/BeanManager done
Event: 0.403 loading class javax/inject/Provider
Event: 0.403 loading class javax/inject/Provider done
Event: 0.404 loading class org/eclipse/sisu/space/ClassSpace
Event: 0.404 loading class org/eclipse/sisu/space/ClassSpace done
Event: 0.404 loading class org/codehaus/plexus/component/repository/exception/ComponentLookupException
Event: 0.404 loading class org/codehaus/plexus/component/repository/exception/ComponentLookupException done


Dynamic libraries:
0x00007ff7d4f50000 - 0x00007ff7d4f87000 	C:\Program Files\Java\jdk1.8.0_121\bin\java.exe
0x00007ff936340000 - 0x00007ff936530000 	C:\WINDOWS\SYSTEM32\ntdll.dll
0x00007ff936180000 - 0x00007ff936232000 	C:\WINDOWS\System32\KERNEL32.DLL
0x00007ff933f90000 - 0x00007ff934235000 	C:\WINDOWS\System32\KERNELBASE.dll
0x00007ff936240000 - 0x00007ff9362e3000 	C:\WINDOWS\System32\ADVAPI32.dll
0x00007ff934cd0000 - 0x00007ff934d6e000 	C:\WINDOWS\System32\msvcrt.dll
0x00007ff935e90000 - 0x00007ff935f27000 	C:\WINDOWS\System32\sechost.dll
0x00007ff9357f0000 - 0x00007ff935910000 	C:\WINDOWS\System32\RPCRT4.dll
0x00007ff9354c0000 - 0x00007ff935654000 	C:\WINDOWS\System32\USER32.dll
0x00007ff9333d0000 - 0x00007ff9333f1000 	C:\WINDOWS\System32\win32u.dll
0x00007ff936150000 - 0x00007ff936176000 	C:\WINDOWS\System32\GDI32.dll
0x00007ff933cf0000 - 0x00007ff933e86000 	C:\WINDOWS\System32\gdi32full.dll
0x00007ff933450000 - 0x00007ff9334ee000 	C:\WINDOWS\System32\msvcp_win.dll
0x00007ff933e90000 - 0x00007ff933f8a000 	C:\WINDOWS\System32\ucrtbase.dll
0x00007ff919350000 - 0x00007ff9195d4000 	C:\WINDOWS\WinSxS\amd64_microsoft.windows.common-controls_6595b64144ccf1df_6.0.18362.1139_none_9e7bf2d3e4605ac6\COMCTL32.dll
0x00007ff934860000 - 0x00007ff934b95000 	C:\WINDOWS\System32\combase.dll
0x00007ff9334f0000 - 0x00007ff933570000 	C:\WINDOWS\System32\bcryptPrimitives.dll
0x00007ff9357a0000 - 0x00007ff9357ce000 	C:\WINDOWS\System32\IMM32.DLL
0x00000000583c0000 - 0x0000000058492000 	C:\Program Files\Java\jdk1.8.0_121\jre\bin\msvcr100.dll
0x0000000056e50000 - 0x00000000576eb000 	C:\Program Files\Java\jdk1.8.0_121\jre\bin\server\jvm.dll
0x00007ff9362f0000 - 0x00007ff9362f8000 	C:\WINDOWS\System32\PSAPI.DLL
0x00007ff92ff70000 - 0x00007ff92ff79000 	C:\WINDOWS\SYSTEM32\WSOCK32.dll
0x00007ff92c980000 - 0x00007ff92c98a000 	C:\WINDOWS\SYSTEM32\VERSION.dll
0x00007ff92f8f0000 - 0x00007ff92f914000 	C:\WINDOWS\SYSTEM32\WINMM.dll
0x00007ff9347f0000 - 0x00007ff93485f000 	C:\WINDOWS\System32\WS2_32.dll
0x00007ff92f8c0000 - 0x00007ff92f8ed000 	C:\WINDOWS\SYSTEM32\winmmbase.dll
0x00007ff9332d0000 - 0x00007ff93331a000 	C:\WINDOWS\System32\cfgmgr32.dll
0x0000000058370000 - 0x000000005837f000 	C:\Program Files\Java\jdk1.8.0_121\jre\bin\verify.dll
0x0000000058340000 - 0x0000000058369000 	C:\Program Files\Java\jdk1.8.0_121\jre\bin\java.dll
0x0000000058320000 - 0x0000000058336000 	C:\Program Files\Java\jdk1.8.0_121\jre\bin\zip.dll
0x00007ff934dd0000 - 0x00007ff9354b7000 	C:\WINDOWS\System32\SHELL32.dll
0x00007ff934c20000 - 0x00007ff934cc9000 	C:\WINDOWS\System32\shcore.dll
0x00007ff933570000 - 0x00007ff933cf0000 	C:\WINDOWS\System32\windows.storage.dll
0x00007ff933280000 - 0x00007ff9332a3000 	C:\WINDOWS\System32\profapi.dll
0x00007ff933210000 - 0x00007ff93325a000 	C:\WINDOWS\System32\powrprof.dll
0x00007ff933200000 - 0x00007ff933210000 	C:\WINDOWS\System32\UMPDC.dll
0x00007ff935910000 - 0x00007ff935962000 	C:\WINDOWS\System32\shlwapi.dll
0x00007ff9332b0000 - 0x00007ff9332c1000 	C:\WINDOWS\System32\kernel.appcore.dll
0x00007ff933400000 - 0x00007ff933417000 	C:\WINDOWS\System32\cryptsp.dll

VM Arguments:
jvm_args: -Dclassworlds.conf=C:\Program Files\NetBeans-11.3\netbeans\java\maven\bin\m2.conf -Dmaven.home=C:\Program Files\NetBeans-11.3\netbeans\java\maven -Dmaven.multiModuleProjectDirectory=C:\Users\msi\Documents\NetBeansProjects\kutuphaneotomasyonu 
java_command: org.codehaus.plexus.classworlds.launcher.Launcher -Dexec.args=-classpath %classpath view.AnaPencere -Dexec.executable=C:\Program Files\Java\jdk1.8.0_121\bin\java.exe -Dexec.classpathScope=runtime -Dmaven.ext.class.path=C:\Program Files\NetBeans-11.3\netbeans\java\maven-nblib\netbeans-eventspy.jar -Dfile.encoding=UTF-8 org.codehaus.mojo:exec-maven-plugin:1.5.0:exec
java_class_path (initial): C:\Program Files\NetBeans-11.3\netbeans\java\maven\boot\plexus-classworlds-2.5.2.jar
Launcher Type: SUN_STANDARD

Environment Variables:
JAVA_HOME=C:\Program Files\Java\jdk1.8.0_121
PATH=C:\ProgramData\Oracle\Java\javapath;C:\WINDOWS\system32;C:\WINDOWS;C:\WINDOWS\System32\Wbem;C:\WINDOWS\System32\WindowsPowerShell\v1.0\;C:\WINDOWS\system32\config\systemprofile\.dnx\bin;C:\Program Files\Microsoft DNX\Dnvm\;C:\WINDOWS\System32\OpenSSH\;C:\Program Files\Microsoft SQL Server\120\Tools\Binn\;C:\Program Files\Microsoft SQL Server\Client SDK\ODBC\110\Tools\Binn\;C:\Program Files (x86)\Microsoft SQL Server\120\Tools\Binn\;C:\Program Files\Microsoft SQL Server\120\DTS\Binn\;C:\Program Files (x86)\Microsoft SQL Server\120\Tools\Binn\ManagementStudio\;C:\Program Files (x86)\Microsoft SQL Server\120\DTS\Binn\;C:\Program Files\Java\jdk1.8.0_121\bin;C:\ProgramData\Oracle\Java\javapath;C:\Users\msi\AppData\Local\Microsoft\WindowsApps;C:\Users\msi\AppData\Local\GitHubDesktop\bin;%USERPROFILE%\AppData\Local\Microsoft\WindowsApps;
USERNAME=msi
OS=Windows_NT
PROCESSOR_IDENTIFIER=Intel64 Family 6 Model 60 Stepping 3, GenuineIntel



---------------  S Y S T E M  ---------------

OS: Windows 10.0 , 64 bit Build 18362 (10.0.18362.1110)

CPU:total 8 (4 cores per cpu, 2 threads per core) family 6 model 60 stepping 3, cmov, cx8, fxsr, mmx, sse, sse2, sse3, ssse3, sse4.1, sse4.2, popcnt, avx, avx2, aes, clmul, erms, lzcnt, ht, tsc, tscinvbit, bmi1, bmi2

Memory: 4k page, physical 8305308k(907184k free), swap 12118832k(4128k free)

vm_info: Java HotSpot(TM) 64-Bit Server VM (25.121-b13) for windows-amd64 JRE (1.8.0_121-b13), built on Dec 12 2016 18:21:36 by "java_re" with MS VC++ 10.0 (VS2010)

time: Thu Nov 12 22:31:06 2020
elapsed time: 0 seconds (0d 0h 0m 0s)

